2019-04-17 07:58:41: server started on port: 3000
2019-04-17 07:58:41: server started on port: 3000
2019-04-17 07:58:41: server started on port: 3000
2019-04-17 07:58:41: server started on port: 3000
2019-04-17 07:58:55: { summaryList: [] }
2019-04-17 07:58:55: []
2019-04-17 07:59:03: { summaryList: [] }
2019-04-17 07:59:03: []
2019-04-17 08:01:20: { summaryList: [] }
2019-04-17 08:01:20: []
2019-04-17 08:01:24: { summaryList: [] }
2019-04-17 08:01:24: []
2019-04-17 08:01:36: server started on port: 3000
2019-04-17 08:01:36: server started on port: 3000
2019-04-17 08:01:36: server started on port: 3000
2019-04-17 08:01:36: server started on port: 3000
2019-04-17 08:01:43: { summaryList:
   [ Result {
       '0': 'Ethereum DApp Tutorial',
       '1': '10000000000000000',
       '2': '100000000000000000',
       '3': '1000000000000000000',
       '4': '0',
       '5': '0',
       '6': '0',
       '7': '0xca4d392CcFE0943B88be1CC2439E2e8f7D049Ee1' },
     Result {
       '0': 'Ethereum Video Tutorial',
       '1': '100000000000000000',
       '2': '1000000000000000000',
       '3': '5000000000000000000',
       '4': '0',
       '5': '0',
       '6': '0',
       '7': '0xca4d392CcFE0943B88be1CC2439E2e8f7D049Ee1' } ] }
2019-04-17 08:01:43: [ { address: '0x8D879844745555A516FaE83322D71B63d50f71F8',
    description: 'Ethereum DApp Tutorial',
    minInvest: '10000000000000000',
    maxInvest: '100000000000000000',
    goal: '1000000000000000000',
    balance: '0',
    investorCount: '0',
    paymentCount: '0',
    owner: '0xca4d392CcFE0943B88be1CC2439E2e8f7D049Ee1' },
  { address: '0x1362c11893cD61B143450D2F1C94eB7e3aC05424',
    description: 'Ethereum Video Tutorial',
    minInvest: '100000000000000000',
    maxInvest: '1000000000000000000',
    goal: '5000000000000000000',
    balance: '0',
    investorCount: '0',
    paymentCount: '0',
    owner: '0xca4d392CcFE0943B88be1CC2439E2e8f7D049Ee1' } ]
2019-04-17 08:06:53: { address: '0x8D879844745555A516FaE83322D71B63d50f71F8',
  description: 'Ethereum DApp Tutorial',
  minInvest: '10000000000000000',
  maxInvest: '100000000000000000',
  goal: '1000000000000000000',
  balance: '0',
  investorCount: '0',
  paymentCount: '0',
  owner: '0xca4d392CcFE0943B88be1CC2439E2e8f7D049Ee1',
  payments: [] }
2019-04-17 08:07:25: { summaryList:
   [ Result {
       '0': 'Ethereum DApp Tutorial',
       '1': '10000000000000000',
       '2': '100000000000000000',
       '3': '1000000000000000000',
       '4': '0',
       '5': '0',
       '6': '0',
       '7': '0xca4d392CcFE0943B88be1CC2439E2e8f7D049Ee1' },
     Result {
       '0': 'Ethereum Video Tutorial',
       '1': '100000000000000000',
       '2': '1000000000000000000',
       '3': '5000000000000000000',
       '4': '0',
       '5': '0',
       '6': '0',
       '7': '0xca4d392CcFE0943B88be1CC2439E2e8f7D049Ee1' } ] }
2019-04-17 08:07:25: [ { address: '0x8D879844745555A516FaE83322D71B63d50f71F8',
    description: 'Ethereum DApp Tutorial',
    minInvest: '10000000000000000',
    maxInvest: '100000000000000000',
    goal: '1000000000000000000',
    balance: '0',
    investorCount: '0',
    paymentCount: '0',
    owner: '0xca4d392CcFE0943B88be1CC2439E2e8f7D049Ee1' },
  { address: '0x1362c11893cD61B143450D2F1C94eB7e3aC05424',
    description: 'Ethereum Video Tutorial',
    minInvest: '100000000000000000',
    maxInvest: '1000000000000000000',
    goal: '5000000000000000000',
    balance: '0',
    investorCount: '0',
    paymentCount: '0',
    owner: '0xca4d392CcFE0943B88be1CC2439E2e8f7D049Ee1' } ]
2019-04-17 08:07:26: { summaryList:
   [ Result {
       '0': 'Ethereum DApp Tutorial',
       '1': '10000000000000000',
       '2': '100000000000000000',
       '3': '1000000000000000000',
       '4': '0',
       '5': '0',
       '6': '0',
       '7': '0xca4d392CcFE0943B88be1CC2439E2e8f7D049Ee1' },
     Result {
       '0': 'Ethereum Video Tutorial',
       '1': '100000000000000000',
       '2': '1000000000000000000',
       '3': '5000000000000000000',
       '4': '0',
       '5': '0',
       '6': '0',
       '7': '0xca4d392CcFE0943B88be1CC2439E2e8f7D049Ee1' } ] }
2019-04-17 08:07:26: [ { address: '0x8D879844745555A516FaE83322D71B63d50f71F8',
    description: 'Ethereum DApp Tutorial',
    minInvest: '10000000000000000',
    maxInvest: '100000000000000000',
    goal: '1000000000000000000',
    balance: '0',
    investorCount: '0',
    paymentCount: '0',
    owner: '0xca4d392CcFE0943B88be1CC2439E2e8f7D049Ee1' },
  { address: '0x1362c11893cD61B143450D2F1C94eB7e3aC05424',
    description: 'Ethereum Video Tutorial',
    minInvest: '100000000000000000',
    maxInvest: '1000000000000000000',
    goal: '5000000000000000000',
    balance: '0',
    investorCount: '0',
    paymentCount: '0',
    owner: '0xca4d392CcFE0943B88be1CC2439E2e8f7D049Ee1' } ]
2019-04-17 08:12:29: { summaryList:
   [ Result {
       '0': 'Ethereum DApp Tutorial',
       '1': '10000000000000000',
       '2': '100000000000000000',
       '3': '1000000000000000000',
       '4': '0',
       '5': '0',
       '6': '0',
       '7': '0xca4d392CcFE0943B88be1CC2439E2e8f7D049Ee1' },
     Result {
       '0': 'Ethereum Video Tutorial',
       '1': '100000000000000000',
       '2': '1000000000000000000',
       '3': '5000000000000000000',
       '4': '0',
       '5': '0',
       '6': '0',
       '7': '0xca4d392CcFE0943B88be1CC2439E2e8f7D049Ee1' } ] }
2019-04-17 08:12:29: [ { address: '0x8D879844745555A516FaE83322D71B63d50f71F8',
    description: 'Ethereum DApp Tutorial',
    minInvest: '10000000000000000',
    maxInvest: '100000000000000000',
    goal: '1000000000000000000',
    balance: '0',
    investorCount: '0',
    paymentCount: '0',
    owner: '0xca4d392CcFE0943B88be1CC2439E2e8f7D049Ee1' },
  { address: '0x1362c11893cD61B143450D2F1C94eB7e3aC05424',
    description: 'Ethereum Video Tutorial',
    minInvest: '100000000000000000',
    maxInvest: '1000000000000000000',
    goal: '5000000000000000000',
    balance: '0',
    investorCount: '0',
    paymentCount: '0',
    owner: '0xca4d392CcFE0943B88be1CC2439E2e8f7D049Ee1' } ]
2019-04-17 08:13:48: server started on port: 3000
2019-04-17 08:13:48: server started on port: 3000
2019-04-17 08:13:48: server started on port: 3000
2019-04-17 08:13:48: server started on port: 3000
2019-04-17 08:18:51: server started on port: 3000
2019-04-17 08:18:51: server started on port: 3000
2019-04-17 08:18:52: server started on port: 3000
2019-04-17 08:18:52: server started on port: 3000
2019-04-17 08:23:24: server started on port: 3000
2019-04-17 08:23:24: server started on port: 3000
2019-04-17 08:23:25: server started on port: 3000
2019-04-17 08:23:25: server started on port: 3000
2019-04-17 08:27:19: server started on port: 3000
2019-04-17 08:27:19: server started on port: 3000
2019-04-17 08:27:19: server started on port: 3000
2019-04-17 08:27:19: server started on port: 3000
2019-04-17 08:41:35: server started on port: 3000
2019-04-17 08:41:35: server started on port: 3000
2019-04-17 08:41:35: server started on port: 3000
2019-04-17 08:41:35: server started on port: 3000
2019-04-17 08:46:25: server started on port: 3000
2019-04-17 08:46:25: server started on port: 3000
2019-04-17 08:46:25: server started on port: 3000
2019-04-17 08:46:25: server started on port: 3000
2019-04-17 08:47:13: server started on port: 3000
2019-04-17 08:47:13: server started on port: 3000
2019-04-17 08:47:13: server started on port: 3000
2019-04-17 08:47:13: server started on port: 3000
2019-04-17 08:50:46: server started on port: 3000
2019-04-17 08:50:46: server started on port: 3000
2019-04-17 08:50:46: server started on port: 3000
2019-04-17 08:50:46: server started on port: 3000
2019-04-17 08:52:15: server started on port: 3000
2019-04-17 08:52:22: server started on port: 3000
2019-04-17 08:52:24: server started on port: 3000
2019-04-17 09:01:29: server started on port: 3000
2019-04-17 09:01:29: server started on port: 3000
2019-04-17 09:01:30: server started on port: 3000
2019-04-17 09:01:30: server started on port: 3000
2019-04-17 09:03:56: server started on port: 3000
2019-05-30 15:10:14: server started on port: 3000
2019-05-30 15:10:15: server started on port: 3000
2019-05-30 15:10:15: server started on port: 3000
2019-05-30 15:10:15: server started on port: 3000
2019-05-30 15:10:47: { summaryList:
   [ Result {
       '0': '心中有党',
       '1': '100000000000000000',
       '2': '1000000000000000000',
       '3': '10000000000000000000',
       '4': '1500000000000000000',
       '5': '1',
       '6': '0',
       '7': '0xca4d392CcFE0943B88be1CC2439E2e8f7D049Ee1' },
     Result {
       '0': '成绩理想',
       '1': '100000000000000000',
       '2': '1000000000000000000',
       '3': '5000000000000000000',
       '4': '0',
       '5': '0',
       '6': '0',
       '7': '0xdA357087cc125f4558A16b39FE931eEbB9E4E09D' },
     Result {
       '0': 'Ethereum DApp Tutorial',
       '1': '10000000000000000',
       '2': '100000000000000000',
       '3': '1000000000000000000',
       '4': '0',
       '5': '0',
       '6': '0',
       '7': '0xca4d392CcFE0943B88be1CC2439E2e8f7D049Ee1' },
     Result {
       '0': 'Ethereum Video Tutorial',
       '1': '100000000000000000',
       '2': '1000000000000000000',
       '3': '5000000000000000000',
       '4': '0',
       '5': '0',
       '6': '0',
       '7': '0xca4d392CcFE0943B88be1CC2439E2e8f7D049Ee1' },
     Result {
       '0': '于烨璐——糖村计划',
       '1': '10000000000000000',
       '2': '100000000000000000',
       '3': '1000000000000000000',
       '4': '100000000000000000',
       '5': '1',
       '6': '0',
       '7': '0xca4d392CcFE0943B88be1CC2439E2e8f7D049Ee1' } ] }
2019-05-30 15:10:47: [ { address: '0x5437B93738704eDc6bD25B16d19843F035D1bBf8',
    description: '心中有党',
    minInvest: '100000000000000000',
    maxInvest: '1000000000000000000',
    goal: '10000000000000000000',
    balance: '1500000000000000000',
    investorCount: '1',
    paymentCount: '0',
    owner: '0xca4d392CcFE0943B88be1CC2439E2e8f7D049Ee1' },
  { address: '0xd25Acf9EBFEc117D972305719712e16eb1799E39',
    description: '成绩理想',
    minInvest: '100000000000000000',
    maxInvest: '1000000000000000000',
    goal: '5000000000000000000',
    balance: '0',
    investorCount: '0',
    paymentCount: '0',
    owner: '0xdA357087cc125f4558A16b39FE931eEbB9E4E09D' },
  { address: '0x7c699B76B0bF74993fd9B56430861e0754E4ABB9',
    description: 'Ethereum DApp Tutorial',
    minInvest: '10000000000000000',
    maxInvest: '100000000000000000',
    goal: '1000000000000000000',
    balance: '0',
    investorCount: '0',
    paymentCount: '0',
    owner: '0xca4d392CcFE0943B88be1CC2439E2e8f7D049Ee1' },
  { address: '0x31C3aBB9434d6808D07BD539b6a4A349A77ABeB2',
    description: 'Ethereum Video Tutorial',
    minInvest: '100000000000000000',
    maxInvest: '1000000000000000000',
    goal: '5000000000000000000',
    balance: '0',
    investorCount: '0',
    paymentCount: '0',
    owner: '0xca4d392CcFE0943B88be1CC2439E2e8f7D049Ee1' },
  { address: '0x3431A520fA20Cb7042115699871aF7c5aF876922',
    description: '于烨璐——糖村计划',
    minInvest: '10000000000000000',
    maxInvest: '100000000000000000',
    goal: '1000000000000000000',
    balance: '100000000000000000',
    investorCount: '1',
    paymentCount: '0',
    owner: '0xca4d392CcFE0943B88be1CC2439E2e8f7D049Ee1' } ]
2019-05-30 15:12:22: { address: '0x5437B93738704eDc6bD25B16d19843F035D1bBf8',
  description: '心中有党',
  minInvest: '100000000000000000',
  maxInvest: '1000000000000000000',
  goal: '10000000000000000000',
  balance: '1600000000000000000',
  investorCount: '2',
  paymentCount: '0',
  owner: '0xca4d392CcFE0943B88be1CC2439E2e8f7D049Ee1',
  payments: [] }
2019-05-30 15:12:22: { address: '0x5437B93738704eDc6bD25B16d19843F035D1bBf8',
  description: '心中有党',
  minInvest: '100000000000000000',
  maxInvest: '1000000000000000000',
  goal: '10000000000000000000',
  balance: '1600000000000000000',
  investorCount: '2',
  paymentCount: '0',
  owner: '0xca4d392CcFE0943B88be1CC2439E2e8f7D049Ee1',
  payments: [] }
2019-07-13 14:14:12: server started on port: 3000
2019-07-13 14:14:12: server started on port: 3000
2019-07-13 14:14:12: server started on port: 3000
2019-07-13 14:14:12: server started on port: 3000
2019-07-13 14:14:44: { summaryList: [] }
2019-07-13 14:14:44: []
2019-07-13 14:35:29: server started on port: 3000
2019-07-13 14:35:29: server started on port: 3000
2019-07-13 14:35:29: server started on port: 3000
2019-07-13 14:35:30: server started on port: 3000
2019-07-13 14:36:11: { summaryList: [] }
2019-07-13 14:36:11: []
2019-07-13 14:37:26: { summaryList:
   [ Result {
       '0': '我欲成仙',
       '1': '100000000000000000',
       '2': '900000000000000000',
       '3': '0',
       '4': '19491001',
       '5': '1000000000000000000',
       '6': '0',
       '7': '0',
       '8': '0',
       '9': '0xca4d392CcFE0943B88be1CC2439E2e8f7D049Ee1' } ] }
2019-07-13 14:37:26: [ { address: '0x28b658761f4d1A2909740C492Fa0347Db35200ab',
    description: '我欲成仙',
    minInvest: '100000000000000000',
    maxInvest: '900000000000000000',
    startTime: '0',
    endTime: '19491001',
    goal: '1000000000000000000',
    balance: '0',
    investorCount: '0',
    paymentCount: '0',
    owner: '0xca4d392CcFE0943B88be1CC2439E2e8f7D049Ee1' } ]
2019-07-13 14:41:46: { summaryList:
   [ Result {
       '0': '我欲成仙',
       '1': '100000000000000000',
       '2': '900000000000000000',
       '3': '0',
       '4': '19491001',
       '5': '1000000000000000000',
       '6': '0',
       '7': '0',
       '8': '0',
       '9': '0xca4d392CcFE0943B88be1CC2439E2e8f7D049Ee1' } ] }
2019-07-13 14:41:46: [ { address: '0x28b658761f4d1A2909740C492Fa0347Db35200ab',
    description: '我欲成仙',
    minInvest: '100000000000000000',
    maxInvest: '900000000000000000',
    startTime: '0',
    endTime: '19491001',
    goal: '1000000000000000000',
    balance: '0',
    investorCount: '0',
    paymentCount: '0',
    owner: '0xca4d392CcFE0943B88be1CC2439E2e8f7D049Ee1' } ]
2019-07-13 14:50:05: server started on port: 3000
2019-07-13 14:50:05: server started on port: 3000
2019-07-13 14:50:06: server started on port: 3000
2019-07-13 14:50:06: server started on port: 3000
2019-07-13 14:50:20: { address: '0x28b658761f4d1A2909740C492Fa0347Db35200ab',
  description: '我欲成仙',
  minInvest: '100000000000000000',
  maxInvest: '900000000000000000',
  startTime: '0',
  endTime: '19491001',
  goal: '1000000000000000000',
  balance: '0',
  investorCount: '0',
  paymentCount: '0',
  owner: '0xca4d392CcFE0943B88be1CC2439E2e8f7D049Ee1',
  payments: [] }
2019-07-13 14:50:48: { address: '0x28b658761f4d1A2909740C492Fa0347Db35200ab',
  description: '我欲成仙',
  minInvest: '100000000000000000',
  maxInvest: '900000000000000000',
  startTime: '0',
  endTime: '19491001',
  goal: '1000000000000000000',
  balance: '0',
  investorCount: '0',
  paymentCount: '0',
  owner: '0xca4d392CcFE0943B88be1CC2439E2e8f7D049Ee1',
  payments: [] }
2019-07-13 14:50:48: { summaryList:
   [ Result {
       '0': '我欲成仙',
       '1': '100000000000000000',
       '2': '900000000000000000',
       '3': '0',
       '4': '19491001',
       '5': '1000000000000000000',
       '6': '0',
       '7': '0',
       '8': '0',
       '9': '0xca4d392CcFE0943B88be1CC2439E2e8f7D049Ee1' } ] }
2019-07-13 14:50:48: [ { address: '0x28b658761f4d1A2909740C492Fa0347Db35200ab',
    description: '我欲成仙',
    minInvest: '100000000000000000',
    maxInvest: '900000000000000000',
    startTime: '0',
    endTime: '19491001',
    goal: '1000000000000000000',
    balance: '0',
    investorCount: '0',
    paymentCount: '0',
    owner: '0xca4d392CcFE0943B88be1CC2439E2e8f7D049Ee1' } ]
2019-07-13 15:29:08: server started on port: 3000
2019-07-13 15:29:09: server started on port: 3000
2019-07-13 15:29:09: server started on port: 3000
2019-07-13 15:29:09: server started on port: 3000
2019-07-13 15:29:28: { summaryList: [] }
2019-07-13 15:29:28: []
2019-07-13 15:30:55: { summaryList:
   [ Result {
       '0': '新中国成立啦',
       '1': '1000000000000000000',
       '2': '2000000000000000000',
       '3': '3000000000000000000',
       '4': '19210701',
       '5': '19491001',
       '6': '0',
       '7': '0',
       '8': '0',
       '9': '0xca4d392CcFE0943B88be1CC2439E2e8f7D049Ee1' } ] }
2019-07-13 15:30:55: [ { address: '0x3a13C8eDe342B17cb6F1a5d5a5be2FD958397531',
    description: '新中国成立啦',
    minInvest: '1000000000000000000',
    maxInvest: '2000000000000000000',
    goal: '3000000000000000000',
    balance: '19210701',
    investorCount: '19491001',
    paymentCount: '0',
    owner: '0' } ]
2019-07-13 15:42:54: server started on port: 3000
2019-07-13 15:42:54: server started on port: 3000
2019-07-13 15:42:55: server started on port: 3000
2019-07-13 15:42:55: server started on port: 3000
2019-07-13 15:43:36: { summaryList:
   [ Result {
       '0': '新中国成立啦',
       '1': '1000000000000000000',
       '2': '2000000000000000000',
       '3': '3000000000000000000',
       '4': '19210701',
       '5': '19491001',
       '6': '0',
       '7': '0',
       '8': '0',
       '9': '0xca4d392CcFE0943B88be1CC2439E2e8f7D049Ee1' } ] }
2019-07-13 15:43:36: [ { address: '0x3a13C8eDe342B17cb6F1a5d5a5be2FD958397531',
    description: '新中国成立啦',
    minInvest: '1000000000000000000',
    maxInvest: '2000000000000000000',
    goal: '3000000000000000000',
    startTime: '19210701',
    endTime: '19491001',
    balance: '0',
    investorCount: '0',
    paymentCount: '0',
    owner: '0xca4d392CcFE0943B88be1CC2439E2e8f7D049Ee1' } ]
2019-07-13 15:44:41: { address: '0x3a13C8eDe342B17cb6F1a5d5a5be2FD958397531',
  description: '新中国成立啦',
  minInvest: '1000000000000000000',
  maxInvest: '2000000000000000000',
  goal: '3000000000000000000',
  startTime: '19210701',
  endTime: '19491001',
  balance: '1000000000000000000',
  investorCount: '1',
  paymentCount: '0',
  owner: '0xca4d392CcFE0943B88be1CC2439E2e8f7D049Ee1',
  payments: [] }
2019-07-13 15:46:36: { summaryList:
   [ Result {
       '0': '新中国成立啦',
       '1': '1000000000000000000',
       '2': '2000000000000000000',
       '3': '3000000000000000000',
       '4': '19210701',
       '5': '19491001',
       '6': '1000000000000000000',
       '7': '1',
       '8': '1',
       '9': '0xca4d392CcFE0943B88be1CC2439E2e8f7D049Ee1' } ] }
2019-07-13 15:46:36: [ { address: '0x3a13C8eDe342B17cb6F1a5d5a5be2FD958397531',
    description: '新中国成立啦',
    minInvest: '1000000000000000000',
    maxInvest: '2000000000000000000',
    goal: '3000000000000000000',
    startTime: '19210701',
    endTime: '19491001',
    balance: '1000000000000000000',
    investorCount: '1',
    paymentCount: '1',
    owner: '0xca4d392CcFE0943B88be1CC2439E2e8f7D049Ee1' } ]
2019-07-13 15:48:53: { summaryList:
   [ Result {
       '0': '新中国成立啦',
       '1': '1000000000000000000',
       '2': '2000000000000000000',
       '3': '3000000000000000000',
       '4': '19210701',
       '5': '19491001',
       '6': '1000000000000000000',
       '7': '1',
       '8': '1',
       '9': '0xca4d392CcFE0943B88be1CC2439E2e8f7D049Ee1' },
     Result {
       '0': '托福120',
       '1': '1000000000000000000',
       '2': '5000000000000000000',
       '3': '100000000000000000000',
       '4': '20190713',
       '5': '20200713',
       '6': '0',
       '7': '0',
       '8': '0',
       '9': '0xca4d392CcFE0943B88be1CC2439E2e8f7D049Ee1' } ] }
2019-07-13 15:48:53: [ { address: '0x3a13C8eDe342B17cb6F1a5d5a5be2FD958397531',
    description: '新中国成立啦',
    minInvest: '1000000000000000000',
    maxInvest: '2000000000000000000',
    goal: '3000000000000000000',
    startTime: '19210701',
    endTime: '19491001',
    balance: '1000000000000000000',
    investorCount: '1',
    paymentCount: '1',
    owner: '0xca4d392CcFE0943B88be1CC2439E2e8f7D049Ee1' },
  { address: '0x056090b5171cD93c7c01deB79b4741d8D34d771A',
    description: '托福120',
    minInvest: '1000000000000000000',
    maxInvest: '5000000000000000000',
    goal: '100000000000000000000',
    startTime: '20190713',
    endTime: '20200713',
    balance: '0',
    investorCount: '0',
    paymentCount: '0',
    owner: '0xca4d392CcFE0943B88be1CC2439E2e8f7D049Ee1' } ]
2019-07-13 16:00:39: { summaryList:
   [ Result {
       '0': '新中国成立啦',
       '1': '1000000000000000000',
       '2': '2000000000000000000',
       '3': '3000000000000000000',
       '4': '19210701',
       '5': '19491001',
       '6': '1000000000000000000',
       '7': '1',
       '8': '1',
       '9': '0xca4d392CcFE0943B88be1CC2439E2e8f7D049Ee1' },
     Result {
       '0': '托福120',
       '1': '1000000000000000000',
       '2': '5000000000000000000',
       '3': '100000000000000000000',
       '4': '20190713',
       '5': '20200713',
       '6': '0',
       '7': '0',
       '8': '0',
       '9': '0xca4d392CcFE0943B88be1CC2439E2e8f7D049Ee1' } ] }
2019-07-13 16:00:39: [ { address: '0x3a13C8eDe342B17cb6F1a5d5a5be2FD958397531',
    description: '新中国成立啦',
    minInvest: '1000000000000000000',
    maxInvest: '2000000000000000000',
    goal: '3000000000000000000',
    startTime: '19210701',
    endTime: '19491001',
    balance: '1000000000000000000',
    investorCount: '1',
    paymentCount: '1',
    owner: '0xca4d392CcFE0943B88be1CC2439E2e8f7D049Ee1' },
  { address: '0x056090b5171cD93c7c01deB79b4741d8D34d771A',
    description: '托福120',
    minInvest: '1000000000000000000',
    maxInvest: '5000000000000000000',
    goal: '100000000000000000000',
    startTime: '20190713',
    endTime: '20200713',
    balance: '0',
    investorCount: '0',
    paymentCount: '0',
    owner: '0xca4d392CcFE0943B88be1CC2439E2e8f7D049Ee1' } ]
2019-07-13 16:21:08: server started on port: 3000
2019-07-13 16:21:08: server started on port: 3000
2019-07-13 16:21:08: server started on port: 3000
2019-07-13 16:21:09: server started on port: 3000
2019-07-13 16:24:18: { summaryList: [] }
2019-07-13 16:24:18: []
2019-07-13 16:24:42: server started on port: 3000
2019-07-13 16:24:42: server started on port: 3000
2019-07-13 16:24:43: server started on port: 3000
2019-07-13 16:24:43: server started on port: 3000
2019-07-13 16:26:57: { summaryList: [] }
2019-07-13 16:26:57: []
2019-07-13 16:27:01: { summaryList: [] }
2019-07-13 16:27:01: []
2019-07-13 16:32:31: server started on port: 3000
2019-07-13 16:32:31: server started on port: 3000
2019-07-13 16:32:32: server started on port: 3000
2019-07-13 16:32:32: server started on port: 3000
2019-07-13 16:34:11: { summaryList: [] }
2019-07-13 16:34:11: []
2019-07-13 16:34:13: { summaryList: [] }
2019-07-13 16:34:13: []
2019-07-13 16:36:35: { summaryList:
   [ Result {
       '0': '修炼成神',
       '1': '1000000000000000000',
       '2': '5000000000000000000',
       '3': '50000000000000000000',
       '4': '19210701',
       '5': '19491001',
       '6': '30',
       '7': '0',
       '8': '0',
       '9': '0',
       '10': '0xca4d392CcFE0943B88be1CC2439E2e8f7D049Ee1' } ] }
2019-07-13 16:36:35: [ { address: '0xeb3CB9c2D94a2F809e47599B9F96D468599d0857',
    description: '修炼成神',
    minInvest: '1000000000000000000',
    maxInvest: '5000000000000000000',
    goal: '50000000000000000000',
    startTime: '19210701',
    endTime: '19491001',
    percent: '30',
    balance: '0',
    investorCount: '0',
    paymentCount: '0',
    owner: '0xca4d392CcFE0943B88be1CC2439E2e8f7D049Ee1' } ]
2019-07-13 16:40:33: server started on port: 3000
2019-07-13 16:40:33: server started on port: 3000
2019-07-13 16:40:34: server started on port: 3000
2019-07-13 16:40:34: server started on port: 3000
2019-07-13 16:41:09: { summaryList:
   [ Result {
       '0': '修炼成神',
       '1': '1000000000000000000',
       '2': '5000000000000000000',
       '3': '50000000000000000000',
       '4': '19210701',
       '5': '19491001',
       '6': '30',
       '7': '0',
       '8': '0',
       '9': '0',
       '10': '0xca4d392CcFE0943B88be1CC2439E2e8f7D049Ee1' } ] }
2019-07-13 16:41:09: [ { address: '0xeb3CB9c2D94a2F809e47599B9F96D468599d0857',
    description: '修炼成神',
    minInvest: '1000000000000000000',
    maxInvest: '5000000000000000000',
    goal: '50000000000000000000',
    startTime: '19210701',
    endTime: '19491001',
    percent: '30',
    balance: '0',
    investorCount: '0',
    paymentCount: '0',
    owner: '0xca4d392CcFE0943B88be1CC2439E2e8f7D049Ee1' } ]
2019-07-13 16:41:12: { summaryList:
   [ Result {
       '0': '修炼成神',
       '1': '1000000000000000000',
       '2': '5000000000000000000',
       '3': '50000000000000000000',
       '4': '19210701',
       '5': '19491001',
       '6': '30',
       '7': '0',
       '8': '0',
       '9': '0',
       '10': '0xca4d392CcFE0943B88be1CC2439E2e8f7D049Ee1' } ] }
2019-07-13 16:41:12: [ { address: '0xeb3CB9c2D94a2F809e47599B9F96D468599d0857',
    description: '修炼成神',
    minInvest: '1000000000000000000',
    maxInvest: '5000000000000000000',
    goal: '50000000000000000000',
    startTime: '19210701',
    endTime: '19491001',
    percent: '30',
    balance: '0',
    investorCount: '0',
    paymentCount: '0',
    owner: '0xca4d392CcFE0943B88be1CC2439E2e8f7D049Ee1' } ]
2019-07-13 16:43:07: { address: '0xeb3CB9c2D94a2F809e47599B9F96D468599d0857',
  description: '修炼成神',
  minInvest: '1000000000000000000',
  maxInvest: '5000000000000000000',
  goal: '50000000000000000000',
  startTime: '19210701',
  endTime: '19491001',
  percent: '30',
  balance: '1000000000000000000',
  investorCount: '1',
  paymentCount: '0',
  owner: '0xca4d392CcFE0943B88be1CC2439E2e8f7D049Ee1',
  payments: [] }
2019-07-13 16:47:30: { summaryList:
   [ Result {
       '0': '修炼成神',
       '1': '1000000000000000000',
       '2': '5000000000000000000',
       '3': '50000000000000000000',
       '4': '19210701',
       '5': '19491001',
       '6': '50',
       '7': '1000000000000000000',
       '8': '1',
       '9': '1',
       '10': '0xca4d392CcFE0943B88be1CC2439E2e8f7D049Ee1' } ] }
2019-07-13 16:47:30: [ { address: '0xeb3CB9c2D94a2F809e47599B9F96D468599d0857',
    description: '修炼成神',
    minInvest: '1000000000000000000',
    maxInvest: '5000000000000000000',
    goal: '50000000000000000000',
    startTime: '19210701',
    endTime: '19491001',
    percent: '50',
    balance: '1000000000000000000',
    investorCount: '1',
    paymentCount: '1',
    owner: '0xca4d392CcFE0943B88be1CC2439E2e8f7D049Ee1' } ]
2019-07-13 19:58:56: server started on port: 8000
2019-07-13 19:58:56: server started on port: 8000
2019-07-13 19:58:57: server started on port: 8000
2019-07-13 19:58:57: server started on port: 8000
2019-07-13 19:59:16: { summaryList:
   [ Result {
       '0': '修炼成神',
       '1': '1000000000000000000',
       '2': '5000000000000000000',
       '3': '50000000000000000000',
       '4': '19210701',
       '5': '19491001',
       '6': '50',
       '7': '1000000000000000000',
       '8': '1',
       '9': '1',
       '10': '0xca4d392CcFE0943B88be1CC2439E2e8f7D049Ee1' } ] }
2019-07-13 19:59:16: [ { address: '0xeb3CB9c2D94a2F809e47599B9F96D468599d0857',
    description: '修炼成神',
    minInvest: '1000000000000000000',
    maxInvest: '5000000000000000000',
    goal: '50000000000000000000',
    startTime: '19210701',
    endTime: '19491001',
    percent: '50',
    balance: '1000000000000000000',
    investorCount: '1',
    paymentCount: '1',
    owner: '0xca4d392CcFE0943B88be1CC2439E2e8f7D049Ee1' } ]
2019-07-13 20:00:10: { summaryList:
   [ Result {
       '0': '修炼成神',
       '1': '1000000000000000000',
       '2': '5000000000000000000',
       '3': '50000000000000000000',
       '4': '19210701',
       '5': '19491001',
       '6': '50',
       '7': '1000000000000000000',
       '8': '1',
       '9': '1',
       '10': '0xca4d392CcFE0943B88be1CC2439E2e8f7D049Ee1' } ] }
2019-07-13 20:00:10: [ { address: '0xeb3CB9c2D94a2F809e47599B9F96D468599d0857',
    description: '修炼成神',
    minInvest: '1000000000000000000',
    maxInvest: '5000000000000000000',
    goal: '50000000000000000000',
    startTime: '19210701',
    endTime: '19491001',
    percent: '50',
    balance: '1000000000000000000',
    investorCount: '1',
    paymentCount: '1',
    owner: '0xca4d392CcFE0943B88be1CC2439E2e8f7D049Ee1' } ]
2019-07-13 23:10:30: { summaryList:
   [ Result {
       '0': '修炼成神',
       '1': '1000000000000000000',
       '2': '5000000000000000000',
       '3': '50000000000000000000',
       '4': '19210701',
       '5': '19491001',
       '6': '50',
       '7': '1000000000000000000',
       '8': '1',
       '9': '1',
       '10': '0xca4d392CcFE0943B88be1CC2439E2e8f7D049Ee1' } ] }
2019-07-13 23:10:30: [ { address: '0xeb3CB9c2D94a2F809e47599B9F96D468599d0857',
    description: '修炼成神',
    minInvest: '1000000000000000000',
    maxInvest: '5000000000000000000',
    goal: '50000000000000000000',
    startTime: '19210701',
    endTime: '19491001',
    percent: '50',
    balance: '1000000000000000000',
    investorCount: '1',
    paymentCount: '1',
    owner: '0xca4d392CcFE0943B88be1CC2439E2e8f7D049Ee1' } ]
2019-07-13 23:38:56: { summaryList:
   [ Result {
       '0': '修炼成神',
       '1': '1000000000000000000',
       '2': '5000000000000000000',
       '3': '50000000000000000000',
       '4': '19210701',
       '5': '19491001',
       '6': '50',
       '7': '1000000000000000000',
       '8': '1',
       '9': '1',
       '10': '0xca4d392CcFE0943B88be1CC2439E2e8f7D049Ee1' },
     Result {
       '0': '我欲成仙',
       '1': '1000000000000000000',
       '2': '100000000000000000000',
       '3': '1000000000000000000000',
       '4': '20000101',
       '5': '30001010',
       '6': '10',
       '7': '0',
       '8': '0',
       '9': '0',
       '10': '0xca4d392CcFE0943B88be1CC2439E2e8f7D049Ee1' } ] }
2019-07-13 23:38:56: [ { address: '0xeb3CB9c2D94a2F809e47599B9F96D468599d0857',
    description: '修炼成神',
    minInvest: '1000000000000000000',
    maxInvest: '5000000000000000000',
    goal: '50000000000000000000',
    startTime: '19210701',
    endTime: '19491001',
    percent: '50',
    balance: '1000000000000000000',
    investorCount: '1',
    paymentCount: '1',
    owner: '0xca4d392CcFE0943B88be1CC2439E2e8f7D049Ee1' },
  { address: '0x08688721735bfC568ceAB337b228C993d7144b77',
    description: '我欲成仙',
    minInvest: '1000000000000000000',
    maxInvest: '100000000000000000000',
    goal: '1000000000000000000000',
    startTime: '20000101',
    endTime: '30001010',
    percent: '10',
    balance: '0',
    investorCount: '0',
    paymentCount: '0',
    owner: '0xca4d392CcFE0943B88be1CC2439E2e8f7D049Ee1' } ]
2019-07-13 23:41:09: { summaryList:
   [ Result {
       '0': '修炼成神',
       '1': '1000000000000000000',
       '2': '5000000000000000000',
       '3': '50000000000000000000',
       '4': '19210701',
       '5': '19491001',
       '6': '50',
       '7': '1000000000000000000',
       '8': '1',
       '9': '1',
       '10': '0xca4d392CcFE0943B88be1CC2439E2e8f7D049Ee1' },
     Result {
       '0': '我欲成仙',
       '1': '1000000000000000000',
       '2': '100000000000000000000',
       '3': '1000000000000000000000',
       '4': '20000101',
       '5': '30001010',
       '6': '10',
       '7': '0',
       '8': '0',
       '9': '0',
       '10': '0xca4d392CcFE0943B88be1CC2439E2e8f7D049Ee1' },
     Result {
       '0': 'CMU冲呀',
       '1': '100000000000000000000',
       '2': '10000000000000000000000',
       '3': '1000000000000000000000000',
       '4': '20190701',
       '5': '20300101',
       '6': '5',
       '7': '0',
       '8': '0',
       '9': '0',
       '10': '0xca4d392CcFE0943B88be1CC2439E2e8f7D049Ee1' } ] }
2019-07-13 23:41:09: [ { address: '0xeb3CB9c2D94a2F809e47599B9F96D468599d0857',
    description: '修炼成神',
    minInvest: '1000000000000000000',
    maxInvest: '5000000000000000000',
    goal: '50000000000000000000',
    startTime: '19210701',
    endTime: '19491001',
    percent: '50',
    balance: '1000000000000000000',
    investorCount: '1',
    paymentCount: '1',
    owner: '0xca4d392CcFE0943B88be1CC2439E2e8f7D049Ee1' },
  { address: '0x08688721735bfC568ceAB337b228C993d7144b77',
    description: '我欲成仙',
    minInvest: '1000000000000000000',
    maxInvest: '100000000000000000000',
    goal: '1000000000000000000000',
    startTime: '20000101',
    endTime: '30001010',
    percent: '10',
    balance: '0',
    investorCount: '0',
    paymentCount: '0',
    owner: '0xca4d392CcFE0943B88be1CC2439E2e8f7D049Ee1' },
  { address: '0xdbd9146C3cf4FD8FD1128D91cD4b18D51b7e4192',
    description: 'CMU冲呀',
    minInvest: '100000000000000000000',
    maxInvest: '10000000000000000000000',
    goal: '1000000000000000000000000',
    startTime: '20190701',
    endTime: '20300101',
    percent: '5',
    balance: '0',
    investorCount: '0',
    paymentCount: '0',
    owner: '0xca4d392CcFE0943B88be1CC2439E2e8f7D049Ee1' } ]
2019-07-13 23:44:30: { summaryList:
   [ Result {
       '0': '修炼成神',
       '1': '1000000000000000000',
       '2': '5000000000000000000',
       '3': '50000000000000000000',
       '4': '19210701',
       '5': '19491001',
       '6': '50',
       '7': '1000000000000000000',
       '8': '1',
       '9': '1',
       '10': '0xca4d392CcFE0943B88be1CC2439E2e8f7D049Ee1' },
     Result {
       '0': '我欲成仙',
       '1': '1000000000000000000',
       '2': '100000000000000000000',
       '3': '1000000000000000000000',
       '4': '20000101',
       '5': '30001010',
       '6': '10',
       '7': '0',
       '8': '0',
       '9': '0',
       '10': '0xca4d392CcFE0943B88be1CC2439E2e8f7D049Ee1' },
     Result {
       '0': 'CMU冲呀',
       '1': '100000000000000000000',
       '2': '10000000000000000000000',
       '3': '1000000000000000000000000',
       '4': '20190701',
       '5': '20300101',
       '6': '5',
       '7': '0',
       '8': '0',
       '9': '0',
       '10': '0xca4d392CcFE0943B88be1CC2439E2e8f7D049Ee1' },
     Result {
       '0': '托福120',
       '1': '1000000000000000000',
       '2': '10000000000000000000',
       '3': '100000000000000000000',
       '4': '20190701',
       '5': '20190901',
       '6': '40',
       '7': '0',
       '8': '0',
       '9': '0',
       '10': '0xca4d392CcFE0943B88be1CC2439E2e8f7D049Ee1' } ] }
2019-07-13 23:44:30: [ { address: '0xeb3CB9c2D94a2F809e47599B9F96D468599d0857',
    description: '修炼成神',
    minInvest: '1000000000000000000',
    maxInvest: '5000000000000000000',
    goal: '50000000000000000000',
    startTime: '19210701',
    endTime: '19491001',
    percent: '50',
    balance: '1000000000000000000',
    investorCount: '1',
    paymentCount: '1',
    owner: '0xca4d392CcFE0943B88be1CC2439E2e8f7D049Ee1' },
  { address: '0x08688721735bfC568ceAB337b228C993d7144b77',
    description: '我欲成仙',
    minInvest: '1000000000000000000',
    maxInvest: '100000000000000000000',
    goal: '1000000000000000000000',
    startTime: '20000101',
    endTime: '30001010',
    percent: '10',
    balance: '0',
    investorCount: '0',
    paymentCount: '0',
    owner: '0xca4d392CcFE0943B88be1CC2439E2e8f7D049Ee1' },
  { address: '0xdbd9146C3cf4FD8FD1128D91cD4b18D51b7e4192',
    description: 'CMU冲呀',
    minInvest: '100000000000000000000',
    maxInvest: '10000000000000000000000',
    goal: '1000000000000000000000000',
    startTime: '20190701',
    endTime: '20300101',
    percent: '5',
    balance: '0',
    investorCount: '0',
    paymentCount: '0',
    owner: '0xca4d392CcFE0943B88be1CC2439E2e8f7D049Ee1' },
  { address: '0xB165D4518DCaee4948DC230c12d0A1650E740685',
    description: '托福120',
    minInvest: '1000000000000000000',
    maxInvest: '10000000000000000000',
    goal: '100000000000000000000',
    startTime: '20190701',
    endTime: '20190901',
    percent: '40',
    balance: '0',
    investorCount: '0',
    paymentCount: '0',
    owner: '0xca4d392CcFE0943B88be1CC2439E2e8f7D049Ee1' } ]
2019-07-13 23:44:50: { summaryList:
   [ Result {
       '0': '修炼成神',
       '1': '1000000000000000000',
       '2': '5000000000000000000',
       '3': '50000000000000000000',
       '4': '19210701',
       '5': '19491001',
       '6': '50',
       '7': '1000000000000000000',
       '8': '1',
       '9': '1',
       '10': '0xca4d392CcFE0943B88be1CC2439E2e8f7D049Ee1' },
     Result {
       '0': '我欲成仙',
       '1': '1000000000000000000',
       '2': '100000000000000000000',
       '3': '1000000000000000000000',
       '4': '20000101',
       '5': '30001010',
       '6': '10',
       '7': '0',
       '8': '0',
       '9': '0',
       '10': '0xca4d392CcFE0943B88be1CC2439E2e8f7D049Ee1' },
     Result {
       '0': 'CMU冲呀',
       '1': '100000000000000000000',
       '2': '10000000000000000000000',
       '3': '1000000000000000000000000',
       '4': '20190701',
       '5': '20300101',
       '6': '5',
       '7': '0',
       '8': '0',
       '9': '0',
       '10': '0xca4d392CcFE0943B88be1CC2439E2e8f7D049Ee1' },
     Result {
       '0': '托福120',
       '1': '1000000000000000000',
       '2': '10000000000000000000',
       '3': '100000000000000000000',
       '4': '20190701',
       '5': '20190901',
       '6': '40',
       '7': '0',
       '8': '0',
       '9': '0',
       '10': '0xca4d392CcFE0943B88be1CC2439E2e8f7D049Ee1' } ] }
2019-07-13 23:44:50: [ { address: '0xeb3CB9c2D94a2F809e47599B9F96D468599d0857',
    description: '修炼成神',
    minInvest: '1000000000000000000',
    maxInvest: '5000000000000000000',
    goal: '50000000000000000000',
    startTime: '19210701',
    endTime: '19491001',
    percent: '50',
    balance: '1000000000000000000',
    investorCount: '1',
    paymentCount: '1',
    owner: '0xca4d392CcFE0943B88be1CC2439E2e8f7D049Ee1' },
  { address: '0x08688721735bfC568ceAB337b228C993d7144b77',
    description: '我欲成仙',
    minInvest: '1000000000000000000',
    maxInvest: '100000000000000000000',
    goal: '1000000000000000000000',
    startTime: '20000101',
    endTime: '30001010',
    percent: '10',
    balance: '0',
    investorCount: '0',
    paymentCount: '0',
    owner: '0xca4d392CcFE0943B88be1CC2439E2e8f7D049Ee1' },
  { address: '0xdbd9146C3cf4FD8FD1128D91cD4b18D51b7e4192',
    description: 'CMU冲呀',
    minInvest: '100000000000000000000',
    maxInvest: '10000000000000000000000',
    goal: '1000000000000000000000000',
    startTime: '20190701',
    endTime: '20300101',
    percent: '5',
    balance: '0',
    investorCount: '0',
    paymentCount: '0',
    owner: '0xca4d392CcFE0943B88be1CC2439E2e8f7D049Ee1' },
  { address: '0xB165D4518DCaee4948DC230c12d0A1650E740685',
    description: '托福120',
    minInvest: '1000000000000000000',
    maxInvest: '10000000000000000000',
    goal: '100000000000000000000',
    startTime: '20190701',
    endTime: '20190901',
    percent: '40',
    balance: '0',
    investorCount: '0',
    paymentCount: '0',
    owner: '0xca4d392CcFE0943B88be1CC2439E2e8f7D049Ee1' } ]
